2026-05-08 12:07:00,743 : INFO  : main :  : NodeLogger :  :  : #########################################################################################
2026-05-08 12:07:00,746 : INFO  : main :  : NodeLogger :  :  : #                                                                                       #
2026-05-08 12:07:00,746 : INFO  : main :  : NodeLogger :  :  : # Welcome to KNIME Analytics Platform v5.11.0.v202603030810 (Build March 03, 2026)      #
2026-05-08 12:07:00,746 : INFO  : main :  : NodeLogger :  :  : # Based on Eclipse, http://www.eclipse.org                                              #
2026-05-08 12:07:00,746 : INFO  : main :  : NodeLogger :  :  : #                                                                                       #
2026-05-08 12:07:00,746 : INFO  : main :  : NodeLogger :  :  : #########################################################################################
2026-05-08 12:07:00,746 : INFO  : main :  : NodeLogger :  :  : #                                                                                       #
2026-05-08 12:07:00,746 : INFO  : main :  : NodeLogger :  :  : # Copyright by KNIME AG, Zurich, Switzerland and others.                                #
2026-05-08 12:07:00,746 : INFO  : main :  : NodeLogger :  :  : # Website: http://www.knime.com                                                         #
2026-05-08 12:07:00,747 : INFO  : main :  : NodeLogger :  :  : # E-mail: contact@knime.com                                                             #
2026-05-08 12:07:00,747 : INFO  : main :  : NodeLogger :  :  : #                                                                                       #
2026-05-08 12:07:00,747 : INFO  : main :  : NodeLogger :  :  : #########################################################################################
2026-05-08 12:07:00,747 : INFO  : main :  : NodeLogger :  :  : # For more details see the KNIME log file:                                              #
2026-05-08 12:07:00,747 : INFO  : main :  : NodeLogger :  :  : # /Users/tomstehling/AAMD-26-Project/.metadata/knime/knime.log
2026-05-08 12:07:00,747 : INFO  : main :  : NodeLogger :  :  : #---------------------------------------------------------------------------------------#
2026-05-08 12:07:00,778 : INFO  : main :  : NodeLogger :  :  : # logging date=Fri May 08 12:07:00 CEST 2026
2026-05-08 12:07:00,778 : INFO  : main :  : NodeLogger :  :  : # java.version=21.0.9
2026-05-08 12:07:00,778 : INFO  : main :  : NodeLogger :  :  : # java.vm.version=21.0.9+10-LTS
2026-05-08 12:07:00,778 : INFO  : main :  : NodeLogger :  :  : # java.vendor=Eclipse Adoptium
2026-05-08 12:07:00,778 : INFO  : main :  : NodeLogger :  :  : # os.name=Mac OS X
2026-05-08 12:07:00,779 : INFO  : main :  : NodeLogger :  :  : # os.arch=x86_64
2026-05-08 12:07:00,779 : INFO  : main :  : NodeLogger :  :  : # number of CPUs=4
2026-05-08 12:07:00,779 : INFO  : main :  : NodeLogger :  :  : # assertions=off
2026-05-08 12:07:00,921 : INFO  : main :  : NodeLogger :  :  : # host=Toms-MacBook-Pro.local
2026-05-08 12:07:00,924 : INFO  : main :  : NodeLogger :  :  : # username=tomstehling
2026-05-08 12:07:00,925 : INFO  : main :  : NodeLogger :  :  : # max mem=2048MB
2026-05-08 12:07:00,925 : INFO  : main :  : NodeLogger :  :  : # application=org.knime.product.KNIME_APPLICATION
2026-05-08 12:07:00,941 : INFO  : main :  : NodeLogger :  :  : # KNID=11-f2cbba5de1f9f633-01-1f5776136303d639
2026-05-08 12:07:00,941 : INFO  : main :  : NodeLogger :  :  : #########################################################################################
2026-05-08 12:06:17,081 : INFO  : main :  : RegisterBouncyCastleProvider :  :  : Added BouncyCastleProvider to Java Security providers
2026-05-08 12:07:05,481 : INFO  : main :  : StringHistory :  :  : History file '/Users/tomstehling/AAMD-26-Project/.metadata/knime/history_database_drivers.txt' does not exist.
2026-05-08 12:07:05,481 : INFO  : main :  : StringHistory :  :  : History file '/Users/tomstehling/AAMD-26-Project/.metadata/knime/history_database_urls.txt' does not exist.
2026-05-08 12:07:10,370 : INFO  : main :  : ProcessWatchdog :  :  : KNIME Process Watchdog memory limit not configured
2026-05-08 12:07:10,370 : INFO  : main :  : ProcessWatchdog :  :  : External process memory watchdog is disabled, because the memory limit is set to -1
2026-05-08 12:07:10,588 : INFO  : Node Repository Initializer :  : MovingAggregationNodeFactory :  :  : Modern dialog for Moving Aggregator node can be enabled via system property "org.knime.base.node.preproc.groupby.dialog". Note: This property will be removed in a future version.

2026-05-08 12:07:10,631 : INFO  : Node Repository Initializer :  : StringHistory :  :  : History file '/Users/tomstehling/AAMD-26-Project/.metadata/knime/history_string2date-formats.txt' does not exist.
2026-05-08 12:07:12,162 : INFO  : main :  : StringHistory :  :  : History file '/Users/tomstehling/AAMD-26-Project/.metadata/knime/history_org.knime.kerberos.name.txt' does not exist.
2026-05-08 12:07:14,199 : INFO  : main :  : KnimeBrowserView :  :  : %cinfo%c Injecting global logger 
      background: #00BCD4;
      border-radius: 0.5em;
      color: white;
      font-weight: bold;
      padding: 2px 0.5em;
      (source: https://org.knime.ui.java/assets/index-qa2z6KdO.js; line: 105)
2026-05-08 12:07:18,001 : INFO  : Node Repository Initializer :  : StringHistory :  :  : History file '/Users/tomstehling/AAMD-26-Project/.metadata/knime/history_createFileNameHistoryKey.txt' does not exist.
2026-05-08 12:07:18,405 : INFO  : Node Repository Initializer :  : GroupByNodeFactory :  :  : Modern dialog for GroupBy node can be enabled via system property "org.knime.base.node.preproc.groupby.dialog". Note: This property will be removed in a future version.

2026-05-08 12:07:20,776 : INFO  : Node Repository Initializer :  : ColumnAggregatorNodeFactory :  :  : Modern dialog for Column Aggregator node can be enabled via system property "org.knime.base.node.preproc.groupby.dialog". Note: This property will be removed in a future version.

2026-05-08 12:07:21,177 : INFO  : Node Repository Initializer :  : Pivot2NodeFactory :  :  : Modern dialog for Pivot node can be enabled via system property "org.knime.base.node.preproc.groupby.dialog". Note: This property will be removed in a future version.

2026-05-08 12:07:24,876 : INFO  : Node Repository Initializer :  : DBDriverRegistry :  :  : Could not find any driver for DBType: DBType(id=vertica, name=Vertica, description=Vertica Analytics Platform)
2026-05-08 12:07:24,876 : INFO  : Node Repository Initializer :  : DBDriverRegistry :  :  : Could not find any driver for DBType: DBType(id=vertica, name=Vertica, description=Vertica Analytics Platform)
2026-05-08 12:07:24,879 : INFO  : Node Repository Initializer :  : DBDriverRegistry :  :  : Could not find any driver for DBType: DBType(id=vertica, name=Vertica, description=Vertica Analytics Platform)
2026-05-08 12:07:24,886 : INFO  : Node Repository Initializer :  : DBDriverRegistry :  :  : Could not find any driver for DBType: DBType(id=oracle, name=Oracle, description=null)
2026-05-08 12:07:24,904 : INFO  : Node Repository Initializer :  : DBDriverRegistry :  :  : Could not find any driver for DBType: DBType(id=oracle, name=Oracle, description=null)
2026-05-08 12:07:24,904 : INFO  : Node Repository Initializer :  : DBDriverRegistry :  :  : Could not find any driver for DBType: DBType(id=oracle, name=Oracle, description=null)
2026-05-08 12:07:52,613 : INFO  : ModalContext :  : LoadWorkflowRunnable :  :  : New workflow created.
2026-05-08 12:07:52,707 : ERROR : main :  : KnimeBrowserView :  :  : %cerror%c Unhandled rejection:: 
      background: #c0392b;
      border-radius: 0.5em;
      color: white;
      font-weight: bold;
      padding: 2px 0.5em;
      [object PromiseRejectionEvent] (source: https://org.knime.ui.java/assets/index-qa2z6KdO.js; line: 105)
2026-05-08 12:07:52,707 : ERROR : main :  : KnimeBrowserView :  :  : Uncaught (in promise) AbortError: The user aborted a request. (source: https://org.knime.ui.java/index.html#/get-started; line: 0)
